<?xml version="1.0" encoding="UTF-8"?>
<testng-results ignored="0" total="1" passed="1" failed="0" skipped="0">
  <reporter-output>
  </reporter-output>
  <suite started-at="2022-11-13T01:49:15 EST" name="Default suite" finished-at="2022-11-13T01:49:15 EST" duration-ms="73">
    <groups>
    </groups>
    <test started-at="2022-11-13T01:49:15 EST" name="Default test" finished-at="2022-11-13T01:49:15 EST" duration-ms="73">
      <class name="stockwatch.com.AppTest">
        <test-method signature="shouldAnswerWithTrue()[pri:0, instance:stockwatch.com.AppTest@188715b5]" started-at="2022-11-13T01:49:15 EST" name="shouldAnswerWithTrue" finished-at="2022-11-13T01:49:15 EST" duration-ms="16" status="PASS">
          <reporter-output>
          </reporter-output>
        </test-method> <!-- shouldAnswerWithTrue -->
      </class> <!-- stockwatch.com.AppTest -->
    </test> <!-- Default test -->
  </suite> <!-- Default suite -->
</testng-results>
