<?xml version="1.0" encoding="UTF-8"?>
<testng-results ignored="0" total="1" passed="1" failed="0" skipped="0">
  <reporter-output>
  </reporter-output>
  <suite started-at="2024-05-01T21:26:15 EDT" name="Default suite" finished-at="2024-05-01T21:26:33 EDT" duration-ms="17997">
    <groups>
    </groups>
    <test started-at="2024-05-01T21:26:15 EDT" name="Default test" finished-at="2024-05-01T21:26:33 EDT" duration-ms="17997">
      <class name="jxlPratice.AmortizationCalculator">
        <test-method is-config="true" signature="setUp()[pri:0, instance:jxlPratice.AmortizationCalculator@4be29ed9]" started-at="2024-05-01T21:26:15 EDT" name="setUp" finished-at="2024-05-01T21:26:19 EDT" duration-ms="4188" status="PASS">
          <reporter-output>
          </reporter-output>
        </test-method> <!-- setUp -->
        <test-method signature="calculator()[pri:0, instance:jxlPratice.AmortizationCalculator@4be29ed9]" started-at="2024-05-01T21:26:19 EDT" name="calculator" finished-at="2024-05-01T21:26:33 EDT" duration-ms="13557" status="PASS">
          <reporter-output>
          </reporter-output>
        </test-method> <!-- calculator -->
        <test-method is-config="true" signature="tearDown()[pri:0, instance:jxlPratice.AmortizationCalculator@4be29ed9]" started-at="2024-05-01T21:26:33 EDT" name="tearDown" finished-at="2024-05-01T21:26:33 EDT" duration-ms="195" status="PASS">
          <reporter-output>
          </reporter-output>
        </test-method> <!-- tearDown -->
      </class> <!-- jxlPratice.AmortizationCalculator -->
    </test> <!-- Default test -->
  </suite> <!-- Default suite -->
</testng-results>
