<?xml version="1.0" encoding="UTF-8"?>
<testng-results ignored="0" total="1" passed="1" failed="0" skipped="0">
  <reporter-output>
  </reporter-output>
  <suite started-at="2024-02-17T20:32:04 EST" name="Default suite" finished-at="2024-02-17T20:32:13 EST" duration-ms="8909">
    <groups>
    </groups>
    <test started-at="2024-02-17T20:32:04 EST" name="Default test" finished-at="2024-02-17T20:32:13 EST" duration-ms="8909">
      <class name="Utils.BrowserHelper">
        <test-method is-config="true" signature="setUp()[pri:0, instance:Utils.BrowserHelper@4b013c76]" started-at="2024-02-17T20:32:04 EST" name="setUp" finished-at="2024-02-17T20:32:11 EST" duration-ms="6161" status="PASS">
          <reporter-output>
          </reporter-output>
        </test-method> <!-- setUp -->
        <test-method signature="ebay()[pri:0, instance:Utils.BrowserHelper@4b013c76]" started-at="2024-02-17T20:32:11 EST" name="ebay" finished-at="2024-02-17T20:32:12 EST" duration-ms="1834" status="PASS">
          <reporter-output>
          </reporter-output>
        </test-method> <!-- ebay -->
        <test-method is-config="true" signature="tearDown()[pri:0, instance:Utils.BrowserHelper@4b013c76]" started-at="2024-02-17T20:32:12 EST" name="tearDown" finished-at="2024-02-17T20:32:13 EST" duration-ms="830" status="PASS">
          <reporter-output>
          </reporter-output>
        </test-method> <!-- tearDown -->
      </class> <!-- Utils.BrowserHelper -->
    </test> <!-- Default test -->
  </suite> <!-- Default suite -->
</testng-results>
