<?xml version="1.0" encoding="UTF-8"?>
<testng-results ignored="0" total="1" passed="1" failed="0" skipped="0">
  <reporter-output>
  </reporter-output>
  <suite started-at="2024-02-17T21:19:56 EST" name="Default suite" finished-at="2024-02-17T21:19:59 EST" duration-ms="3139">
    <groups>
    </groups>
    <test started-at="2024-02-17T21:19:56 EST" name="Default test" finished-at="2024-02-17T21:19:59 EST" duration-ms="3139">
      <class name="test.date">
        <test-method is-config="true" signature="setUp()[pri:0, instance:test.date@eadd4fb]" started-at="2024-02-17T21:19:56 EST" name="setUp" finished-at="2024-02-17T21:19:58 EST" duration-ms="1831" status="PASS">
          <reporter-output>
          </reporter-output>
        </test-method> <!-- setUp -->
        <test-method signature="visitGoogle()[pri:0, instance:test.date@eadd4fb]" started-at="2024-02-17T21:19:58 EST" name="visitGoogle" finished-at="2024-02-17T21:19:59 EST" duration-ms="1107" status="PASS">
          <reporter-output>
          </reporter-output>
        </test-method> <!-- visitGoogle -->
        <test-method is-config="true" signature="tearDown()[pri:0, instance:test.date@eadd4fb]" started-at="2024-02-17T21:19:59 EST" name="tearDown" finished-at="2024-02-17T21:19:59 EST" duration-ms="156" status="PASS">
          <reporter-output>
          </reporter-output>
        </test-method> <!-- tearDown -->
      </class> <!-- test.date -->
    </test> <!-- Default test -->
  </suite> <!-- Default suite -->
</testng-results>
