<?xml version="1.0" encoding="UTF-8"?>
<testng-results ignored="0" total="1" passed="1" failed="0" skipped="0">
  <reporter-output>
  </reporter-output>
  <suite started-at="2023-09-11T23:12:46 EDT" name="Default suite" finished-at="2023-09-11T23:13:06 EDT" duration-ms="20837">
    <groups>
      <group name="cucumber">
        <method signature="AbstractTestNGCucumberTests.runScenario(io.cucumber.testng.PickleWrapper,io.cucumber.testng.FeatureWrapper)[pri:0, instance:Runner.CucumberRunner@451001e5]" name="runScenario" class="io.cucumber.testng.AbstractTestNGCucumberTests"/>
      </group> <!-- cucumber -->
    </groups>
    <test started-at="2023-09-11T23:12:46 EDT" name="Default test" finished-at="2023-09-11T23:13:06 EDT" duration-ms="20837">
      <class name="Runner.CucumberRunner">
        <test-method is-config="true" signature="setUpClass(org.testng.ITestContext)[pri:0, instance:Runner.CucumberRunner@451001e5]" started-at="2023-09-11T23:12:46 EDT" name="setUpClass" finished-at="2023-09-11T23:12:50 EDT" duration-ms="3983" status="PASS">
          <params>
            <param index="0">
              <value>
                <![CDATA[org.testng.TestRunner@684e8c9d]]>
              </value>
            </param>
          </params>
          <reporter-output>
          </reporter-output>
        </test-method> <!-- setUpClass -->
        <test-method signature="runScenario(io.cucumber.testng.PickleWrapper,io.cucumber.testng.FeatureWrapper)[pri:0, instance:Runner.CucumberRunner@451001e5]" started-at="2023-09-11T23:12:50 EDT" name="runScenario" description="Runs Cucumber Scenarios" data-provider="scenarios" finished-at="2023-09-11T23:13:06 EDT" duration-ms="16688" status="PASS">
          <params>
            <param index="0">
              <value>
                <![CDATA["I want to click on Disable button & i shouldn’t able type in search bar."]]>
              </value>
            </param>
            <param index="1">
              <value>
                <![CDATA["Disable button functionality"]]>
              </value>
            </param>
          </params>
          <reporter-output>
          </reporter-output>
        </test-method> <!-- runScenario -->
        <test-method is-config="true" signature="tearDownClass()[pri:0, instance:Runner.CucumberRunner@451001e5]" started-at="2023-09-11T23:13:06 EDT" name="tearDownClass" finished-at="2023-09-11T23:13:06 EDT" duration-ms="130" status="PASS">
          <reporter-output>
          </reporter-output>
        </test-method> <!-- tearDownClass -->
      </class> <!-- Runner.CucumberRunner -->
    </test> <!-- Default test -->
  </suite> <!-- Default suite -->
</testng-results>
