<?xml version="1.0" encoding="UTF-8"?>
<testng-results ignored="0" total="1" passed="1" failed="0" skipped="0">
  <reporter-output>
  </reporter-output>
  <suite started-at="2022-12-03T21:26:25 EST" name="Default suite" finished-at="2022-12-03T21:26:35 EST" duration-ms="9338">
    <groups>
    </groups>
    <test started-at="2022-12-03T21:26:25 EST" name="Default test" finished-at="2022-12-03T21:26:35 EST" duration-ms="9338">
      <class name="LessonSeven.HandelCheckBox">
        <test-method signature="testCheckBox()[pri:0, instance:LessonSeven.HandelCheckBox@3d74bf60]" started-at="2022-12-03T21:26:25 EST" name="testCheckBox" finished-at="2022-12-03T21:26:35 EST" duration-ms="9295" status="PASS">
          <reporter-output>
          </reporter-output>
        </test-method> <!-- testCheckBox -->
      </class> <!-- LessonSeven.HandelCheckBox -->
    </test> <!-- Default test -->
  </suite> <!-- Default suite -->
</testng-results>
